<?xml version="1.0" encoding="UTF-8" ?>
<testsuite tests="16" failures="0" name="Step_definition.RunCukesTest" time="6.587" errors="0" skipped="0">
  <properties>
[...]
</properties>
  <testcase classname="Scenario: Normal login" name="Given User already on website sauce demo" time="0.005"/>
  <testcase classname="Scenario: Normal login" name="When User input &quot;standard_user&quot; as userName and input &quot;secret_sauce&quot; as password" time="0"/>
  <testcase classname="Scenario: Normal login" name="Then User already on sales page" time="0"/>
  <testcase classname="Scenario: Normal login" name="Scenario: Normal login" time="4.799"/>
  <testcase classname="Scenario: Normal Sales" name="Given I succes login with username &quot;standard_user&quot; and  &quot;secret_sauce&quot; password and add cart" time="0.001"/>
  <testcase classname="Scenario: Normal Sales" name="When User already on sales page" time="0"/>
  <testcase classname="Scenario: Normal Sales" name="Then User sort product list by name Z to A" time="0"/>
  <testcase classname="Scenario: Normal Sales" name="And Add Sauce Lab Onesie" time="0"/>
  <testcase classname="Scenario: Normal Sales" name="And Add Test.allTheThings T-Shirt Red" time="0"/>
  <testcase classname="Scenario: Normal Sales" name="When User click cart icon" time="0"/>
  <testcase classname="Scenario: Normal Sales" name="Then User remove Test.allTheThings T-Shirt Red" time="0"/>
  <testcase classname="Scenario: Normal Sales" name="Then User checkOut" time="0"/>
  <testcase classname="Scenario: Normal Sales" name="When User input &quot;Derin&quot; as first name and input &quot;Malsa&quot; as last name and &quot;123456&quot; as postal code" time="0"/>
  <testcase classname="Scenario: Normal Sales" name="Then User click Finish" time="0"/>
  <testcase classname="Scenario: Normal Sales" name="And User verify checkout order" time="0"/>
  <testcase classname="Scenario: Normal Sales" name="Scenario: Normal Sales" time="1.782"/>
</testsuite>